0 info it worked if it ends with ok
1 verbose cli [ 'F:\\node.js\\node.exe',
1 verbose cli   'F:\\node.js\\node_modules\\npm\\bin\\npm-cli.js',
1 verbose cli   'install',
1 verbose cli   'angular/cli' ]
2 info using npm@3.10.10
3 info using node@v6.9.5
4 silly loadCurrentTree Starting
5 silly install loadCurrentTree
6 silly install readLocalPackageData
7 silly fetchPackageMetaData angular/cli
8 silly fetchOtherPackageData angular/cli
9 silly cache add args [ 'angular/cli', null ]
10 verbose cache add spec angular/cli
11 silly cache add parsed spec Result {
11 silly cache add   raw: 'angular/cli',
11 silly cache add   scope: null,
11 silly cache add   escapedName: null,
11 silly cache add   name: null,
11 silly cache add   rawSpec: 'angular/cli',
11 silly cache add   spec: 'github:angular/cli',
11 silly cache add   type: 'hosted',
11 silly cache add   hosted:
11 silly cache add    { type: 'github',
11 silly cache add      ssh: 'git@github.com:angular/cli.git',
11 silly cache add      sshUrl: 'git+ssh://git@github.com/angular/cli.git',
11 silly cache add      httpsUrl: 'git+https://github.com/angular/cli.git',
11 silly cache add      gitUrl: 'git://github.com/angular/cli.git',
11 silly cache add      shortcut: 'github:angular/cli',
11 silly cache add      directUrl: 'https://raw.githubusercontent.com/angular/cli/master/package.json' } }
12 verbose addRemoteGit caching angular/cli
13 verbose addRemoteGit angular/cli is a repository hosted by github
14 silly tryGitProto attempting to clone git://github.com/angular/cli.git
15 silly tryClone cloning angular/cli via git://github.com/angular/cli.git
16 verbose tryClone git-github-com-angular-cli-git-abc2a622 not in flight; caching
17 verbose correctMkdir F:\node.js\node_cache\_git-remotes correctMkdir not in flight; initializing
18 info git [ 'clone',
18 info git   '--template=F:\\node.js\\node_cache\\_git-remotes\\_templates',
18 info git   '--mirror',
18 info git   'git://github.com/angular/cli.git',
18 info git   'F:\\node.js\\node_cache\\_git-remotes\\git-github-com-angular-cli-git-abc2a622' ]
19 verbose git clone --template=F:\node.js\node_cache\_git-remotes\_templates --mirror git://github.com/angular/cli.git F:\node.js\node_cache\_git-remotes\git-github-com-angular-cli-git-abc2a622: Cloning into bare repository 'F:\node.js\node_cache\_git-remotes\git-github-com-angular-cli-git-abc2a622'...
19 verbose git clone --template=F:\node.js\node_cache\_git-remotes\_templates --mirror git://github.com/angular/cli.git F:\node.js\node_cache\_git-remotes\git-github-com-angular-cli-git-abc2a622: fatal: remote error:
19 verbose git clone --template=F:\node.js\node_cache\_git-remotes\_templates --mirror git://github.com/angular/cli.git F:\node.js\node_cache\_git-remotes\git-github-com-angular-cli-git-abc2a622:   Repository not found.
20 silly tryHTTPS attempting to clone git+https://github.com/angular/cli.git
21 silly tryClone cloning angular/cli via git+https://github.com/angular/cli.git
22 verbose tryClone git-https-github-com-angular-cli-git-7e325762 not in flight; caching
23 verbose correctMkdir F:\node.js\node_cache\_git-remotes correctMkdir not in flight; initializing
24 info git [ 'clone',
24 info git   '--template=F:\\node.js\\node_cache\\_git-remotes\\_templates',
24 info git   '--mirror',
24 info git   'https://github.com/angular/cli.git',
24 info git   'F:\\node.js\\node_cache\\_git-remotes\\git-https-github-com-angular-cli-git-7e325762' ]
25 verbose git clone --template=F:\node.js\node_cache\_git-remotes\_templates --mirror https://github.com/angular/cli.git F:\node.js\node_cache\_git-remotes\git-https-github-com-angular-cli-git-7e325762: Cloning into bare repository 'F:\node.js\node_cache\_git-remotes\git-https-github-com-angular-cli-git-7e325762'...
25 verbose git clone --template=F:\node.js\node_cache\_git-remotes\_templates --mirror https://github.com/angular/cli.git F:\node.js\node_cache\_git-remotes\git-https-github-com-angular-cli-git-7e325762: remote: Repository not found.
25 verbose git clone --template=F:\node.js\node_cache\_git-remotes\_templates --mirror https://github.com/angular/cli.git F:\node.js\node_cache\_git-remotes\git-https-github-com-angular-cli-git-7e325762: fatal: repository 'https://github.com/angular/cli.git/' not found
26 silly trySSH attempting to clone git@github.com:angular/cli.git
27 silly tryClone cloning angular/cli via git@github.com:angular/cli.git
28 verbose tryClone git-github-com-angular-cli-git-05516032 not in flight; caching
29 verbose correctMkdir F:\node.js\node_cache\_git-remotes correctMkdir not in flight; initializing
30 info git [ 'clone',
30 info git   '--template=F:\\node.js\\node_cache\\_git-remotes\\_templates',
30 info git   '--mirror',
30 info git   'git@github.com:angular/cli.git',
30 info git   'F:\\node.js\\node_cache\\_git-remotes\\git-github-com-angular-cli-git-05516032' ]
31 error git clone --template=F:\node.js\node_cache\_git-remotes\_templates --mirror git@github.com:angular/cli.git F:\node.js\node_cache\_git-remotes\git-github-com-angular-cli-git-05516032: Cloning into bare repository 'F:\node.js\node_cache\_git-remotes\git-github-com-angular-cli-git-05516032'...
31 error git clone --template=F:\node.js\node_cache\_git-remotes\_templates --mirror git@github.com:angular/cli.git F:\node.js\node_cache\_git-remotes\git-github-com-angular-cli-git-05516032: Host key verification failed.
31 error git clone --template=F:\node.js\node_cache\_git-remotes\_templates --mirror git@github.com:angular/cli.git F:\node.js\node_cache\_git-remotes\git-github-com-angular-cli-git-05516032: fatal: Could not read from remote repository.
31 error git clone --template=F:\node.js\node_cache\_git-remotes\_templates --mirror git@github.com:angular/cli.git F:\node.js\node_cache\_git-remotes\git-github-com-angular-cli-git-05516032:
31 error git clone --template=F:\node.js\node_cache\_git-remotes\_templates --mirror git@github.com:angular/cli.git F:\node.js\node_cache\_git-remotes\git-github-com-angular-cli-git-05516032: Please make sure you have the correct access rights
31 error git clone --template=F:\node.js\node_cache\_git-remotes\_templates --mirror git@github.com:angular/cli.git F:\node.js\node_cache\_git-remotes\git-github-com-angular-cli-git-05516032: and the repository exists.
32 silly fetchPackageMetaData Error: Command failed: git -c core.longpaths=true clone --template=F:\node.js\node_cache\_git-remotes\_templates --mirror git@github.com:angular/cli.git F:\node.js\node_cache\_git-remotes\git-github-com-angular-cli-git-05516032
32 silly fetchPackageMetaData Cloning into bare repository 'F:\node.js\node_cache\_git-remotes\git-github-com-angular-cli-git-05516032'...
32 silly fetchPackageMetaData Host key verification failed.
32 silly fetchPackageMetaData fatal: Could not read from remote repository.
32 silly fetchPackageMetaData
32 silly fetchPackageMetaData Please make sure you have the correct access rights
32 silly fetchPackageMetaData and the repository exists.
32 silly fetchPackageMetaData
32 silly fetchPackageMetaData     at ChildProcess.exithandler (child_process.js:206:12)
32 silly fetchPackageMetaData     at emitTwo (events.js:106:13)
32 silly fetchPackageMetaData     at ChildProcess.emit (events.js:191:7)
32 silly fetchPackageMetaData     at maybeClose (internal/child_process.js:877:16)
32 silly fetchPackageMetaData     at Process.ChildProcess._handle.onexit (internal/child_process.js:226:5)
32 silly fetchPackageMetaData  error for angular/cli { Error: Command failed: git -c core.longpaths=true clone --template=F:\node.js\node_cache\_git-remotes\_templates --mirror git@github.com:angular/cli.git F:\node.js\node_cache\_git-remotes\git-github-com-angular-cli-git-05516032
32 silly fetchPackageMetaData Cloning into bare repository 'F:\node.js\node_cache\_git-remotes\git-github-com-angular-cli-git-05516032'...
32 silly fetchPackageMetaData Host key verification failed.
32 silly fetchPackageMetaData fatal: Could not read from remote repository.
32 silly fetchPackageMetaData
32 silly fetchPackageMetaData Please make sure you have the correct access rights
32 silly fetchPackageMetaData and the repository exists.
32 silly fetchPackageMetaData
32 silly fetchPackageMetaData     at ChildProcess.exithandler (child_process.js:206:12)
32 silly fetchPackageMetaData     at emitTwo (events.js:106:13)
32 silly fetchPackageMetaData     at ChildProcess.emit (events.js:191:7)
32 silly fetchPackageMetaData     at maybeClose (internal/child_process.js:877:16)
32 silly fetchPackageMetaData     at Process.ChildProcess._handle.onexit (internal/child_process.js:226:5)
32 silly fetchPackageMetaData   killed: false,
32 silly fetchPackageMetaData   code: 128,
32 silly fetchPackageMetaData   signal: null,
32 silly fetchPackageMetaData   cmd: 'git -c core.longpaths=true clone --template=F:\\node.js\\node_cache\\_git-remotes\\_templates --mirror git@github.com:angular/cli.git F:\\node.js\\node_cache\\_git-remotes\\git-github-com-angular-cli-git-05516032' }
33 silly rollbackFailedOptional Starting
34 silly rollbackFailedOptional Finishing
35 silly runTopLevelLifecycles Finishing
36 silly install printInstalled
37 verbose stack Error: Command failed: git -c core.longpaths=true clone --template=F:\node.js\node_cache\_git-remotes\_templates --mirror git@github.com:angular/cli.git F:\node.js\node_cache\_git-remotes\git-github-com-angular-cli-git-05516032
37 verbose stack Cloning into bare repository 'F:\node.js\node_cache\_git-remotes\git-github-com-angular-cli-git-05516032'...
37 verbose stack Host key verification failed.
37 verbose stack fatal: Could not read from remote repository.
37 verbose stack
37 verbose stack Please make sure you have the correct access rights
37 verbose stack and the repository exists.
37 verbose stack
37 verbose stack     at ChildProcess.exithandler (child_process.js:206:12)
37 verbose stack     at emitTwo (events.js:106:13)
37 verbose stack     at ChildProcess.emit (events.js:191:7)
37 verbose stack     at maybeClose (internal/child_process.js:877:16)
37 verbose stack     at Process.ChildProcess._handle.onexit (internal/child_process.js:226:5)
38 verbose cwd E:\remoteCodeSpace\main\codespace
39 error Windows_NT 10.0.15063
40 error argv "F:\\node.js\\node.exe" "F:\\node.js\\node_modules\\npm\\bin\\npm-cli.js" "install" "angular/cli"
41 error node v6.9.5
42 error npm  v3.10.10
43 error code 128
44 error Command failed: git -c core.longpaths=true clone --template=F:\node.js\node_cache\_git-remotes\_templates --mirror git@github.com:angular/cli.git F:\node.js\node_cache\_git-remotes\git-github-com-angular-cli-git-05516032
44 error Cloning into bare repository 'F:\node.js\node_cache\_git-remotes\git-github-com-angular-cli-git-05516032'...
44 error Host key verification failed.
44 error fatal: Could not read from remote repository.
44 error
44 error Please make sure you have the correct access rights
44 error and the repository exists.
45 error If you need help, you may report this error at:
45 error     <https://github.com/npm/npm/issues>
46 verbose exit [ 1, true ]
